c:\users\robosheep\documents\github\servoics\servoics\libovrkernel\obj\libovrkernel\windows\win32\debug\vs2013\ovr_callbacks.obj
c:\users\robosheep\documents\github\servoics\servoics\libovrkernel\obj\libovrkernel\windows\win32\debug\vs2013\ovr_sharedmemory.obj
c:\users\robosheep\documents\github\servoics\servoics\libovrkernel\obj\libovrkernel\windows\win32\debug\vs2013\util_direct3d.obj
c:\users\robosheep\documents\github\servoics\servoics\libovrkernel\obj\libovrkernel\windows\win32\debug\vs2013\ovr_debughelp.obj
c:\users\robosheep\documents\github\servoics\servoics\libovrkernel\obj\libovrkernel\windows\win32\debug\vs2013\ovr_system.obj
c:\users\robosheep\documents\github\servoics\servoics\libovrkernel\obj\libovrkernel\windows\win32\debug\vs2013\util_systeminfo.obj
c:\users\robosheep\documents\github\servoics\servoics\libovrkernel\obj\libovrkernel\windows\win32\debug\vs2013\capi_gle.obj
c:\users\robosheep\documents\github\servoics\servoics\libovrkernel\obj\libovrkernel\windows\win32\debug\vs2013\ovr_std.obj
c:\users\robosheep\documents\github\servoics\servoics\libovrkernel\obj\libovrkernel\windows\win32\debug\vs2013\ovr_string_pathutil.obj
c:\users\robosheep\documents\github\servoics\servoics\libovrkernel\obj\libovrkernel\windows\win32\debug\vs2013\ovr_utf8util.obj
c:\users\robosheep\documents\github\servoics\servoics\libovrkernel\obj\libovrkernel\windows\win32\debug\vs2013\util_d3d11_blitter.obj
c:\users\robosheep\documents\github\servoics\servoics\libovrkernel\obj\libovrkernel\windows\win32\debug\vs2013\util_watchdog.obj
c:\users\robosheep\documents\github\servoics\servoics\libovrkernel\obj\libovrkernel\windows\win32\debug\vs2013\ovr_atomic.obj
c:\users\robosheep\documents\github\servoics\servoics\libovrkernel\obj\libovrkernel\windows\win32\debug\vs2013\ovr_log.obj
c:\users\robosheep\documents\github\servoics\servoics\libovrkernel\obj\libovrkernel\windows\win32\debug\vs2013\ovr_threadcommandqueue.obj
c:\users\robosheep\documents\github\servoics\servoics\libovrkernel\obj\libovrkernel\windows\win32\debug\vs2013\util_gl_blitter.obj
c:\users\robosheep\documents\github\servoics\servoics\libovrkernel\obj\libovrkernel\windows\win32\debug\vs2013\util_systemgui.obj
c:\users\robosheep\documents\github\servoics\servoics\libovrkernel\obj\libovrkernel\windows\win32\debug\vs2013\ovr_alg.obj
c:\users\robosheep\documents\github\servoics\servoics\libovrkernel\obj\libovrkernel\windows\win32\debug\vs2013\ovr_filefile.obj
c:\users\robosheep\documents\github\servoics\servoics\libovrkernel\obj\libovrkernel\windows\win32\debug\vs2013\ovr_string.obj
c:\users\robosheep\documents\github\servoics\servoics\libovrkernel\obj\libovrkernel\windows\win32\debug\vs2013\ovr_threadspthread.obj
c:\users\robosheep\documents\github\servoics\servoics\libovrkernel\obj\libovrkernel\windows\win32\debug\vs2013\ovr_threadswinapi.obj
c:\users\robosheep\documents\github\servoics\servoics\libovrkernel\obj\libovrkernel\windows\win32\debug\vs2013\ovr_file.obj
c:\users\robosheep\documents\github\servoics\servoics\libovrkernel\obj\libovrkernel\windows\win32\debug\vs2013\ovr_rand.obj
c:\users\robosheep\documents\github\servoics\servoics\libovrkernel\obj\libovrkernel\windows\win32\debug\vs2013\ovr_refcount.obj
c:\users\robosheep\documents\github\servoics\servoics\libovrkernel\obj\libovrkernel\windows\win32\debug\vs2013\ovr_timer.obj
c:\users\robosheep\documents\github\servoics\servoics\libovrkernel\obj\libovrkernel\windows\win32\debug\vs2013\ovr_crc32.obj
c:\users\robosheep\documents\github\servoics\servoics\libovrkernel\obj\libovrkernel\windows\win32\debug\vs2013\ovr_json.obj
c:\users\robosheep\documents\github\servoics\servoics\libovrkernel\obj\libovrkernel\windows\win32\debug\vs2013\ovr_sysfile.obj
c:\users\robosheep\documents\github\servoics\servoics\libovrkernel\obj\libovrkernel\windows\win32\debug\vs2013\util_longpollthread.obj
c:\users\robosheep\documents\github\servoics\servoics\libovrkernel\obj\libovrkernel\windows\win32\debug\vs2013\ovr_allocator.obj
c:\users\robosheep\documents\github\servoics\servoics\libovrkernel\obj\libovrkernel\windows\win32\debug\vs2013\ovr_string_formatutil.obj
c:\users\robosheep\documents\github\servoics\servoics\libovrkernel\obj\libovrkernel\windows\win32\debug\vs2013\util_imagewindow.obj
c:\users\robosheep\documents\github\servoics\servoics\libovrkernel\obj\libovrkernel\windows\win32\debug\vs2013\ovr_mach_exc_osx.obj
c:\users\robosheep\documents\github\servoics\servoics\libovrkernel\src\util\shaders\blt_ps.h
c:\users\robosheep\documents\github\servoics\servoics\libovrkernel\src\util\shaders\blt_vs.h
c:\users\robosheep\documents\github\servoics\servoics\libovrkernel\lib\windows\win32\debug\vs2013\libovrkernel.lib
c:\users\robosheep\documents\github\servoics\servoics\libovrkernel\projects\windows\vs2013\../../../lib/windows/win32/debug/vs2013/libovrkernel.lib
c:\users\robosheep\documents\github\servoics\servoics\libovrkernel\obj\libovrkernel\windows\win32\debug\vs2013\libovrkernel.tlog\cl.command.1.tlog
c:\users\robosheep\documents\github\servoics\servoics\libovrkernel\obj\libovrkernel\windows\win32\debug\vs2013\libovrkernel.tlog\cl.read.1.tlog
c:\users\robosheep\documents\github\servoics\servoics\libovrkernel\obj\libovrkernel\windows\win32\debug\vs2013\libovrkernel.tlog\cl.write.1.tlog
c:\users\robosheep\documents\github\servoics\servoics\libovrkernel\obj\libovrkernel\windows\win32\debug\vs2013\libovrkernel.tlog\fxc.command.1.tlog
c:\users\robosheep\documents\github\servoics\servoics\libovrkernel\obj\libovrkernel\windows\win32\debug\vs2013\libovrkernel.tlog\fxc.read.1.tlog
c:\users\robosheep\documents\github\servoics\servoics\libovrkernel\obj\libovrkernel\windows\win32\debug\vs2013\libovrkernel.tlog\fxc.write.1.tlog
c:\users\robosheep\documents\github\servoics\servoics\libovrkernel\obj\libovrkernel\windows\win32\debug\vs2013\libovrkernel.tlog\lib-link.read.1.tlog
c:\users\robosheep\documents\github\servoics\servoics\libovrkernel\obj\libovrkernel\windows\win32\debug\vs2013\libovrkernel.tlog\lib-link.write.1.tlog
c:\users\robosheep\documents\github\servoics\servoics\libovrkernel\obj\libovrkernel\windows\win32\debug\vs2013\libovrkernel.tlog\lib.command.1.tlog
c:\users\robosheep\documents\github\servoics\servoics\libovrkernel\obj\libovrkernel\windows\win32\debug\vs2013\libovrkernel.tlog\libovrkernel.write.1u.tlog
